<?xml version="1.0" encoding="UTF-8"?>
<!-- Generated by org.testng.reporters.JUnitReportReporter -->
<testsuite hostname="DESKTOP-7SU4C42" failures="0" tests="5" name="AlmosaferTest" time="12.095" errors="0" timestamp="2023-11-03T17:54:07 EET" skipped="3">
  <testcase classname="AlmosaferTest" name="Ckeck" time="12.087"/>
  <system-out/>
  <testcase classname="AlmosaferTest" name="ffgg" time="0.008"/>
  <system-out/>
  <testcase classname="AlmosaferTest" name="test">
    <skipped/>
  </testcase> <!-- test -->
  <system-out/>
  <testcase classname="AlmosaferTest" name="room">
    <skipped/>
  </testcase> <!-- room -->
  <system-out/>
  <testcase classname="AlmosaferTest" name="gggg">
    <skipped/>
  </testcase> <!-- gggg -->
  <system-out/>
</testsuite> <!-- AlmosaferTest -->
