<?xml version="1.0" encoding="UTF-8"?>
<!-- Generated by org.testng.reporters.JUnitReportReporter -->
<testsuite hostname="DESKTOP-7SU4C42" failures="0" tests="5" name="AlmosaferTest" time="33.153" errors="0" timestamp="2023-10-28T12:48:27 EET" skipped="0">
  <testcase classname="AlmosaferTest" name="test" time="6.330"/>
  <system-out/>
  <testcase classname="AlmosaferTest" name="test" time="6.607"/>
  <system-out/>
  <testcase classname="AlmosaferTest" name="test" time="7.301"/>
  <system-out/>
  <testcase classname="AlmosaferTest" name="test" time="6.720"/>
  <system-out/>
  <testcase classname="AlmosaferTest" name="test" time="6.195"/>
  <system-out/>
</testsuite> <!-- AlmosaferTest -->
